<?xml version="1.0" encoding="UTF-8"?>
<!-- Generated by org.testng.reporters.JUnitXMLReporter -->
<testsuite hostname="DESKTOP-3AP6MP4" ignored="0" name="Login test" tests="3" failures="0" timestamp="28 Oct 2021 12:45:46 GMT" time="57.685" errors="0">
  <testcase name="getTitleTest" time="0.955" classname="com.qa.tutorialsninja.tests.LoginPageTest"/>
  <testcase name="forgottenPasswordLinkTest" time="0.53" classname="com.qa.tutorialsninja.tests.LoginPageTest"/>
  <testcase name="doLoginTest" time="4.712" classname="com.qa.tutorialsninja.tests.LoginPageTest"/>
</testsuite> <!-- Login test -->
