<?xml version="1.0" encoding="UTF-8"?>
<!-- Generated by org.testng.reporters.JUnitXMLReporter -->
<testsuite hostname="DESKTOP-3AP6MP4" ignored="0" name="LoginPage test" tests="3" failures="0" timestamp="17 Nov 2021 14:55:29 GMT" time="68.565" errors="0">
  <testcase name="getTitleTest" time="1.338" classname="com.qa.tutorialsninja.tests.LoginPageTest"/>
  <testcase name="forgottenPasswordLinkTest" time="0.508" classname="com.qa.tutorialsninja.tests.LoginPageTest"/>
  <testcase name="doLoginTest" time="1.274" classname="com.qa.tutorialsninja.tests.LoginPageTest"/>
</testsuite> <!-- LoginPage test -->
