<?xml version="1.0" encoding="UTF-8"?>
<!-- Generated by org.testng.reporters.JUnitXMLReporter -->
<testsuite hostname="DESKTOP-3AP6MP4" ignored="0" name="Default test" tests="3" failures="0" timestamp="29 Oct 2021 13:17:47 GMT" time="19.216" errors="0">
  <testcase name="getTitleTest" time="0.412" classname="com.qa.tutorialsninja.tests.LoginPageTest"/>
  <testcase name="forgottenPasswordLinkTest" time="1.616" classname="com.qa.tutorialsninja.tests.LoginPageTest"/>
  <testcase name="doLoginTest" time="5.789" classname="com.qa.tutorialsninja.tests.LoginPageTest"/>
</testsuite> <!-- Default test -->
