<?xml version="1.0" encoding="UTF-8"?>
<testng-results skipped="0" failed="0" ignored="0" total="3" passed="3">
  <reporter-output>
  </reporter-output>
  <suite name="Default suite" duration-ms="19216" started-at="2021-10-29T13:17:28Z" finished-at="2021-10-29T13:17:47Z">
    <groups>
    </groups>
    <test name="Default test" duration-ms="19216" started-at="2021-10-29T13:17:28Z" finished-at="2021-10-29T13:17:47Z">
      <class name="com.qa.tutorialsninja.tests.LoginPageTest">
        <test-method status="PASS" signature="setUp()[pri:0, instance:com.qa.tutorialsninja.tests.LoginPageTest@1b28f282]" name="setUp" is-config="true" duration-ms="9605" started-at="2021-10-29T13:17:28Z" finished-at="2021-10-29T13:17:38Z">
          <reporter-output>
          </reporter-output>
        </test-method> <!-- setUp -->
        <test-method status="PASS" signature="getTitleTest()[pri:1, instance:com.qa.tutorialsninja.tests.LoginPageTest@1b28f282]" name="getTitleTest" duration-ms="412" started-at="2021-10-29T13:17:38Z" finished-at="2021-10-29T13:17:38Z">
          <reporter-output>
          </reporter-output>
        </test-method> <!-- getTitleTest -->
        <test-method status="PASS" signature="forgottenPasswordLinkTest()[pri:2, instance:com.qa.tutorialsninja.tests.LoginPageTest@1b28f282]" name="forgottenPasswordLinkTest" duration-ms="1616" started-at="2021-10-29T13:17:39Z" finished-at="2021-10-29T13:17:40Z">
          <reporter-output>
          </reporter-output>
        </test-method> <!-- forgottenPasswordLinkTest -->
        <test-method status="PASS" signature="doLoginTest()[pri:3, instance:com.qa.tutorialsninja.tests.LoginPageTest@1b28f282]" name="doLoginTest" duration-ms="5789" started-at="2021-10-29T13:17:40Z" finished-at="2021-10-29T13:17:46Z">
          <reporter-output>
          </reporter-output>
        </test-method> <!-- doLoginTest -->
        <test-method status="PASS" signature="tearDown()[pri:0, instance:com.qa.tutorialsninja.tests.LoginPageTest@1b28f282]" name="tearDown" is-config="true" duration-ms="1311" started-at="2021-10-29T13:17:46Z" finished-at="2021-10-29T13:17:47Z">
          <reporter-output>
          </reporter-output>
        </test-method> <!-- tearDown -->
      </class> <!-- com.qa.tutorialsninja.tests.LoginPageTest -->
    </test> <!-- Default test -->
  </suite> <!-- Default suite -->
</testng-results>
