<?xml version="1.0" encoding="UTF-8"?>
<testng-results skipped="0" failed="1" ignored="0" total="6" passed="5">
  <reporter-output>
  </reporter-output>
  <suite name="TutorialsNinja Test suite" duration-ms="54676" started-at="2021-11-17T13:32:30Z" finished-at="2021-11-17T13:33:25Z">
    <groups>
    </groups>
    <test name="AccountsPage test" duration-ms="54340" started-at="2021-11-17T13:32:30Z" finished-at="2021-11-17T13:33:25Z">
      <class name="com.qa.tutorialsninja.tests.AccountsPageTest">
        <test-method status="PASS" signature="setUp()[pri:0, instance:com.qa.tutorialsninja.tests.AccountsPageTest@25f7391e]" name="setUp" is-config="true" duration-ms="50249" started-at="2021-11-17T13:32:31Z" finished-at="2021-11-17T13:33:21Z">
          <reporter-output>
          </reporter-output>
        </test-method> <!-- setUp -->
        <test-method status="PASS" signature="doLogin()[pri:0, instance:com.qa.tutorialsninja.tests.AccountsPageTest@25f7391e]" name="doLogin" is-config="true" duration-ms="1398" started-at="2021-11-17T13:33:21Z" finished-at="2021-11-17T13:33:22Z">
          <reporter-output>
          </reporter-output>
        </test-method> <!-- doLogin -->
        <test-method status="PASS" signature="YourStoreLinkTest()[pri:0, instance:com.qa.tutorialsninja.tests.AccountsPageTest@25f7391e]" name="YourStoreLinkTest" duration-ms="83" started-at="2021-11-17T13:33:22Z" finished-at="2021-11-17T13:33:22Z">
          <reporter-output>
          </reporter-output>
        </test-method> <!-- YourStoreLinkTest -->
        <test-method status="PASS" signature="headerListTest()[pri:0, instance:com.qa.tutorialsninja.tests.AccountsPageTest@25f7391e]" name="headerListTest" duration-ms="444" started-at="2021-11-17T13:33:22Z" finished-at="2021-11-17T13:33:23Z">
          <reporter-output>
          </reporter-output>
        </test-method> <!-- headerListTest -->
        <test-method status="FAIL" signature="productSearchTest()[pri:0, instance:com.qa.tutorialsninja.tests.AccountsPageTest@25f7391e]" name="productSearchTest" duration-ms="305" started-at="2021-11-17T13:33:23Z" finished-at="2021-11-17T13:33:23Z">
          <exception class="org.openqa.selenium.ElementNotInteractableException">
            <message>
              <![CDATA[element not interactable
  (Session info: chrome=95.0.4638.69)
Build info: version: '3.141.59', revision: 'e82be7d358', time: '2018-11-14T08:17:03'
System info: host: 'DESKTOP-3AP6MP4', ip: '192.168.1.5', os.name: 'Windows 10', os.arch: 'amd64', os.version: '10.0', java.version: '1.8.0_311'
Driver info: org.openqa.selenium.chrome.ChromeDriver
Capabilities {acceptInsecureCerts: false, browserName: chrome, browserVersion: 95.0.4638.69, chrome: {chromedriverVersion: 95.0.4638.69 (6a1600ed572fe..., userDataDir: C:\Users\Swarsha\AppData\Lo...}, goog:chromeOptions: {debuggerAddress: localhost:63832}, javascriptEnabled: true, networkConnectionEnabled: false, pageLoadStrategy: normal, platform: WINDOWS, platformName: WINDOWS, proxy: Proxy(), setWindowRect: true, strictFileInteractability: false, timeouts: {implicit: 0, pageLoad: 300000, script: 30000}, unhandledPromptBehavior: dismiss and notify, webauthn:extension:credBlob: true, webauthn:extension:largeBlob: true, webauthn:virtualAuthenticators: true}
Session ID: bd913bd8621e25feb48f4820024c9e3a]]>
            </message>
            <full-stacktrace>
              <![CDATA[org.openqa.selenium.ElementNotInteractableException: element not interactable
  (Session info: chrome=95.0.4638.69)
Build info: version: '3.141.59', revision: 'e82be7d358', time: '2018-11-14T08:17:03'
System info: host: 'DESKTOP-3AP6MP4', ip: '192.168.1.5', os.name: 'Windows 10', os.arch: 'amd64', os.version: '10.0', java.version: '1.8.0_311'
Driver info: org.openqa.selenium.chrome.ChromeDriver
Capabilities {acceptInsecureCerts: false, browserName: chrome, browserVersion: 95.0.4638.69, chrome: {chromedriverVersion: 95.0.4638.69 (6a1600ed572fe..., userDataDir: C:\Users\Swarsha\AppData\Lo...}, goog:chromeOptions: {debuggerAddress: localhost:63832}, javascriptEnabled: true, networkConnectionEnabled: false, pageLoadStrategy: normal, platform: WINDOWS, platformName: WINDOWS, proxy: Proxy(), setWindowRect: true, strictFileInteractability: false, timeouts: {implicit: 0, pageLoad: 300000, script: 30000}, unhandledPromptBehavior: dismiss and notify, webauthn:extension:credBlob: true, webauthn:extension:largeBlob: true, webauthn:virtualAuthenticators: true}
Session ID: bd913bd8621e25feb48f4820024c9e3a
at sun.reflect.NativeConstructorAccessorImpl.newInstance0(Native Method)
at sun.reflect.NativeConstructorAccessorImpl.newInstance(Unknown Source)
at sun.reflect.DelegatingConstructorAccessorImpl.newInstance(Unknown Source)
at java.lang.reflect.Constructor.newInstance(Unknown Source)
at org.openqa.selenium.remote.http.W3CHttpResponseCodec.createException(W3CHttpResponseCodec.java:187)
at org.openqa.selenium.remote.http.W3CHttpResponseCodec.decode(W3CHttpResponseCodec.java:122)
at org.openqa.selenium.remote.http.W3CHttpResponseCodec.decode(W3CHttpResponseCodec.java:49)
at org.openqa.selenium.remote.HttpCommandExecutor.execute(HttpCommandExecutor.java:158)
at org.openqa.selenium.remote.service.DriverCommandExecutor.execute(DriverCommandExecutor.java:83)
at org.openqa.selenium.remote.RemoteWebDriver.execute(RemoteWebDriver.java:552)
at org.openqa.selenium.remote.RemoteWebElement.execute(RemoteWebElement.java:285)
at org.openqa.selenium.remote.RemoteWebElement.sendKeys(RemoteWebElement.java:106)
at com.qa.tutorialsninja.pages.AccountsPage.productSearch(AccountsPage.java:55)
at com.qa.tutorialsninja.tests.AccountsPageTest.productSearchTest(AccountsPageTest.java:40)
at sun.reflect.NativeMethodAccessorImpl.invoke0(Native Method)
at sun.reflect.NativeMethodAccessorImpl.invoke(Unknown Source)
at sun.reflect.DelegatingMethodAccessorImpl.invoke(Unknown Source)
at java.lang.reflect.Method.invoke(Unknown Source)
at org.testng.internal.MethodInvocationHelper.invokeMethod(MethodInvocationHelper.java:124)
at org.testng.internal.Invoker.invokeMethod(Invoker.java:583)
at org.testng.internal.Invoker.invokeTestMethod(Invoker.java:719)
at org.testng.internal.Invoker.invokeTestMethods(Invoker.java:989)
at org.testng.internal.TestMethodWorker.invokeTestMethods(TestMethodWorker.java:125)
at org.testng.internal.TestMethodWorker.run(TestMethodWorker.java:109)
at org.testng.TestRunner.privateRun(TestRunner.java:648)
at org.testng.TestRunner.run(TestRunner.java:505)
at org.testng.SuiteRunner.runTest(SuiteRunner.java:455)
at org.testng.SuiteRunner.access$000(SuiteRunner.java:40)
at org.testng.SuiteRunner$SuiteWorker.run(SuiteRunner.java:489)
at org.testng.internal.thread.ThreadUtil$1.call(ThreadUtil.java:52)
at java.util.concurrent.FutureTask.run(Unknown Source)
at java.util.concurrent.ThreadPoolExecutor.runWorker(Unknown Source)
at java.util.concurrent.ThreadPoolExecutor$Worker.run(Unknown Source)
at java.lang.Thread.run(Unknown Source)
]]>
            </full-stacktrace>
          </exception> <!-- org.openqa.selenium.ElementNotInteractableException -->
          <reporter-output>
          </reporter-output>
        </test-method> <!-- productSearchTest -->
        <test-method status="PASS" signature="tearDown()[pri:0, instance:com.qa.tutorialsninja.tests.AccountsPageTest@25f7391e]" name="tearDown" is-config="true" duration-ms="1687" started-at="2021-11-17T13:33:23Z" finished-at="2021-11-17T13:33:25Z">
          <reporter-output>
          </reporter-output>
        </test-method> <!-- tearDown -->
      </class> <!-- com.qa.tutorialsninja.tests.AccountsPageTest -->
    </test> <!-- AccountsPage test -->
    <test name="LoginPage test" duration-ms="54676" started-at="2021-11-17T13:32:30Z" finished-at="2021-11-17T13:33:25Z">
      <class name="com.qa.tutorialsninja.tests.LoginPageTest">
        <test-method status="PASS" signature="setUp()[pri:0, instance:com.qa.tutorialsninja.tests.LoginPageTest@3e2943ab]" name="setUp" is-config="true" duration-ms="50259" started-at="2021-11-17T13:32:31Z" finished-at="2021-11-17T13:33:21Z">
          <reporter-output>
          </reporter-output>
        </test-method> <!-- setUp -->
        <test-method status="PASS" signature="getTitleTest()[pri:1, instance:com.qa.tutorialsninja.tests.LoginPageTest@3e2943ab]" name="getTitleTest" duration-ms="295" started-at="2021-11-17T13:33:21Z" finished-at="2021-11-17T13:33:21Z">
          <reporter-output>
          </reporter-output>
        </test-method> <!-- getTitleTest -->
        <test-method status="PASS" signature="forgottenPasswordLinkTest()[pri:2, instance:com.qa.tutorialsninja.tests.LoginPageTest@3e2943ab]" name="forgottenPasswordLinkTest" duration-ms="282" started-at="2021-11-17T13:33:22Z" finished-at="2021-11-17T13:33:22Z">
          <reporter-output>
          </reporter-output>
        </test-method> <!-- forgottenPasswordLinkTest -->
        <test-method status="PASS" signature="doLoginTest()[pri:3, instance:com.qa.tutorialsninja.tests.LoginPageTest@3e2943ab]" name="doLoginTest" duration-ms="1160" started-at="2021-11-17T13:33:22Z" finished-at="2021-11-17T13:33:23Z">
          <reporter-output>
          </reporter-output>
        </test-method> <!-- doLoginTest -->
        <test-method status="PASS" signature="tearDown()[pri:0, instance:com.qa.tutorialsninja.tests.LoginPageTest@3e2943ab]" name="tearDown" is-config="true" duration-ms="2025" started-at="2021-11-17T13:33:23Z" finished-at="2021-11-17T13:33:25Z">
          <reporter-output>
          </reporter-output>
        </test-method> <!-- tearDown -->
      </class> <!-- com.qa.tutorialsninja.tests.LoginPageTest -->
    </test> <!-- LoginPage test -->
  </suite> <!-- TutorialsNinja Test suite -->
</testng-results>
