<?xml version="1.0" encoding="UTF-8"?>
<!-- Generated by org.testng.reporters.JUnitXMLReporter -->
<testsuite hostname="DESKTOP-3AP6MP4" ignored="0" name="Login test" tests="3" failures="0" timestamp="28 Oct 2021 11:48:32 GMT" time="86.284" errors="0">
  <testcase name="getTitleTest" time="1.203" classname="com.qa.tutorialsninja.tests.LoginPageTest"/>
  <testcase name="forgottenPasswordLinkTest" time="0.169" classname="com.qa.tutorialsninja.tests.LoginPageTest"/>
  <testcase name="doLoginTest" time="1.207" classname="com.qa.tutorialsninja.tests.LoginPageTest"/>
</testsuite> <!-- Login test -->
