<?xml version="1.0" encoding="UTF-8"?>
<testsuite xmlns:xsi="http://www.w3.org/2001/XMLSchema-instance" xsi:noNamespaceSchemaLocation="https://maven.apache.org/surefire/maven-surefire-plugin/xsd/surefire-test-report.xsd" name="TestSuite" time="71.75" tests="6" errors="0" skipped="0" failures="1">
  <properties>
[...]
</properties>
  <testcase name="getTitleTest" classname="com.qa.tutorialsninja.tests.LoginPageTest" time="1.34"/>
  <testcase name="forgottenPasswordLinkTest" classname="com.qa.tutorialsninja.tests.LoginPageTest" time="0.514"/>
  <testcase name="YourStoreLinkTest" classname="com.qa.tutorialsninja.tests.AccountsPageTest" time="0.118"/>
  <testcase name="headerListTest" classname="com.qa.tutorialsninja.tests.AccountsPageTest" time="0.345"/>
  <testcase name="doLoginTest" classname="com.qa.tutorialsninja.tests.LoginPageTest" time="0.425"/>
  <testcase name="productSearchTest" classname="com.qa.tutorialsninja.tests.AccountsPageTest" time="0.299">
    <failure message="element not interactable&#10;  (Session info: chrome=95.0.4638.69)&#10;Build info: version: &apos;3.141.59&apos;, revision: &apos;e82be7d358&apos;, time: &apos;2018-11-14T08:17:03&apos;&#10;System info: host: &apos;DESKTOP-3AP6MP4&apos;, ip: &apos;192.168.1.5&apos;, os.name: &apos;Windows 10&apos;, os.arch: &apos;amd64&apos;, os.version: &apos;10.0&apos;, java.version: &apos;1.8.0_261&apos;&#10;Driver info: org.openqa.selenium.chrome.ChromeDriver&#10;Capabilities {acceptInsecureCerts: false, browserName: chrome, browserVersion: 95.0.4638.69, chrome: {chromedriverVersion: 95.0.4638.69 (6a1600ed572fe..., userDataDir: C:\Users\Swarsha\AppData\Lo...}, goog:chromeOptions: {debuggerAddress: localhost:56898}, javascriptEnabled: true, networkConnectionEnabled: false, pageLoadStrategy: normal, platform: WINDOWS, platformName: WINDOWS, proxy: Proxy(), setWindowRect: true, strictFileInteractability: false, timeouts: {implicit: 0, pageLoad: 300000, script: 30000}, unhandledPromptBehavior: dismiss and notify, webauthn:extension:credBlob: true, webauthn:extension:largeBlob: true, webauthn:virtualAuthenticators: true}&#10;Session ID: d114bffadf9e49464a3f2b6907cef155" type="org.openqa.selenium.ElementNotInteractableException">org.openqa.selenium.ElementNotInteractableException: 
element not interactable
  (Session info: chrome=95.0.4638.69)
Build info: version: '3.141.59', revision: 'e82be7d358', time: '2018-11-14T08:17:03'
System info: host: 'DESKTOP-3AP6MP4', ip: '192.168.1.5', os.name: 'Windows 10', os.arch: 'amd64', os.version: '10.0', java.version: '1.8.0_261'
Driver info: org.openqa.selenium.chrome.ChromeDriver
Capabilities {acceptInsecureCerts: false, browserName: chrome, browserVersion: 95.0.4638.69, chrome: {chromedriverVersion: 95.0.4638.69 (6a1600ed572fe..., userDataDir: C:\Users\Swarsha\AppData\Lo...}, goog:chromeOptions: {debuggerAddress: localhost:56898}, javascriptEnabled: true, networkConnectionEnabled: false, pageLoadStrategy: normal, platform: WINDOWS, platformName: WINDOWS, proxy: Proxy(), setWindowRect: true, strictFileInteractability: false, timeouts: {implicit: 0, pageLoad: 300000, script: 30000}, unhandledPromptBehavior: dismiss and notify, webauthn:extension:credBlob: true, webauthn:extension:largeBlob: true, webauthn:virtualAuthenticators: true}
Session ID: d114bffadf9e49464a3f2b6907cef155
	at com.qa.tutorialsninja.tests.AccountsPageTest.productSearchTest(AccountsPageTest.java:40)
</failure>
  </testcase>
</testsuite>