<?xml version="1.0" encoding="UTF-8"?>
<!-- Generated by org.testng.reporters.JUnitXMLReporter -->
<testsuite hostname="DESKTOP-3AP6MP4" ignored="0" name="LoginPage test" tests="3" failures="0" timestamp="19 Mar 2021 13:48:33 GMT" time="51.452" errors="0">
  <testcase name="getTitleTest" time="0.023" classname="com.qa.tutorialsninja.tests.LoginPageTest"/>
  <testcase name="forgottenPasswordLinkTest" time="0.556" classname="com.qa.tutorialsninja.tests.LoginPageTest"/>
  <testcase name="doLoginTest" time="3.098" classname="com.qa.tutorialsninja.tests.LoginPageTest"/>
</testsuite> <!-- LoginPage test -->
