<?xml version="1.0" encoding="UTF-8"?>
<!-- Generated by org.testng.reporters.JUnitXMLReporter -->
<testsuite hostname="DESKTOP-3AP6MP4" ignored="0" name="LoginPage test" tests="3" failures="0" timestamp="17 Nov 2021 13:33:25 GMT" time="54.676" errors="0">
  <testcase name="getTitleTest" time="0.295" classname="com.qa.tutorialsninja.tests.LoginPageTest"/>
  <testcase name="forgottenPasswordLinkTest" time="0.282" classname="com.qa.tutorialsninja.tests.LoginPageTest"/>
  <testcase name="doLoginTest" time="1.16" classname="com.qa.tutorialsninja.tests.LoginPageTest"/>
</testsuite> <!-- LoginPage test -->
